<?xml version="1.0" encoding="UTF-8"?>
<!-- Generated by org.testng.reporters.JUnitXMLReporter -->
<testsuite ignored="0" hostname="DESKTOP-LRFGOJA" failures="0" tests="3" name="Test" time="51.051" errors="0" timestamp="2021-09-24T23:15:18 ICT">
  <testcase classname="Test.TestBestSellerProductDisplay" name="Test7BestSellerProductVisible" time="0.377"/>
  <testcase classname="Test.TestMenuSubcategoriesDisplay" name="Test3MenuSubcategories" time="0.384"/>
  <testcase classname="Test.TestOrderProductSuccessful" name="TestOrderSuccessful" time="24.216"/>
</testsuite> <!-- Test -->
